[08/18/2022 04:13:58] Debug: Session id: 7d75c5a2-b1c6-40b1-adcf-942cb648309f
[08/18/2022 04:13:58] Debug: Code Processor information: Name :SnowConvert, Version: 7.11.81.0
[08/18/2022 04:13:59] Debug: Getting license
[08/18/2022 04:13:59] Debug: License information
	Status: Failed
	Message: No active license available.
[08/18/2022 04:13:59] Info: Starting to validate parameters
[08/18/2022 04:13:59] Info: Parameters to validate: 
	Execution mode: Conversion
	LICENSE_KEY: a3372138-b87e-4a08-b929-3b48b24c63f1
[08/18/2022 04:13:59] Info: Validation of parameters: Success
[08/18/2022 04:13:59] Debug: Getting code descriptor
[08/18/2022 04:13:59] Debug: Code descriptor information
	Units: 51
	Units type: LOC
	All file bytes: 2141
	All found extensions: .sql,.dml,.ddl,.bteq,.btq,.fl,.fload,.ml,.mload,.mld,.tp,.tpump,.tpt
[08/18/2022 04:13:59] Debug: Calculating fingerprint
[08/18/2022 04:13:59] Debug: Fingerprint information Fingerprint(size=2141,projects=1)
[08/18/2022 04:13:59] Info: Starting to try to validate online license for execution
[08/18/2022 04:14:01] Debug: Getting license
[08/18/2022 04:14:01] Debug: License information
	Status: Failed
	Message: No active license available.
[08/18/2022 04:14:01] Debug: Starting the execution of the controller
[08/18/2022 04:14:02] Debug: Executing the worker: SnowConvert
[08/18/2022 04:14:13] Debug: Finished executing the worker: SnowConvert
[08/18/2022 04:14:15] Info: Controller execution ended
